<?xml version="1.0" encoding="UTF-8"?>
<testsuite xmlns:xsi="http://www.w3.org/2001/XMLSchema-instance" xsi:noNamespaceSchemaLocation="https://maven.apache.org/surefire/maven-surefire-plugin/xsd/surefire-test-report-3.0.xsd" version="3.0" name="com.jao.ApiGateway.ApiGatewayApplicationTests" time="13.779" tests="1" errors="0" skipped="0" failures="0">
  <properties>
[...]
</properties>
  <testcase name="contextLoads" classname="com.jao.ApiGateway.ApiGatewayApplicationTests" time="2.255">
    <system-out><![CDATA[12:22:12.342 [main] INFO org.springframework.test.context.support.AnnotationConfigContextLoaderUtils -- Could not detect default configuration classes for test class [com.jao.ApiGateway.ApiGatewayApplicationTests]: ApiGatewayApplicationTests does not declare any static, non-private, non-final, nested classes annotated with @Configuration.
12:22:12.657 [main] INFO org.springframework.boot.test.context.SpringBootTestContextBootstrapper -- Found @SpringBootConfiguration com.jao.ApiGateway.ApiGatewayApplication for test class com.jao.ApiGateway.ApiGatewayApplicationTests

  .   ____          _            __ _ _
 /\\ / ___'_ __ _ _(_)_ __  __ _ \ \ \ \
( ( )\___ | '_ | '_| | '_ \/ _` | \ \ \ \
 \\/  ___)| |_)| | | | | || (_| |  ) ) ) )
  '  |____| .__|_| |_|_| |_\__, | / / / /
 =========|_|==============|___/=/_/_/_/
 :: Spring Boot ::               (v3.2.12)

2025-09-17 12:22:14.491 [background-preinit] INFO  o.h.validator.internal.util.Version – HV000001: Hibernate Validator 8.0.1.Final
2025-09-17 12:22:14.582 [main] INFO  c.j.A.ApiGatewayApplicationTests – Starting ApiGatewayApplicationTests using Java 17.0.12 with PID 14856 (started by user in C:\Users\user\Documents\Juan PC guillermo SpringAngularAWS\WORKSPACES\workspaceMSBookingJAO\Api-gateway)
2025-09-17 12:22:14.586 [main] INFO  c.j.A.ApiGatewayApplicationTests – No active profile set, falling back to 1 default profile: "default"
2025-09-17 12:22:17.274 [main] INFO  o.s.cloud.context.scope.GenericScope – BeanFactory id=285c78e6-0155-3946-80dd-ae9b9b71cc60
2025-09-17 12:22:20.354 [main] DEBUG o.s.c.g.config.GatewayProperties – Routes supplied from Gateway Properties: [RouteDefinition{id='GestVuelos-ms', predicates=[PredicateDefinition{name='Path', args={_genkey_0=/api/categories/**, _genkey_1=/api/vuelos/**}}], filters=[], uri=lb://GESTVUELOS-MS, order=0, metadata={}}, RouteDefinition{id='Reservas-ms', predicates=[PredicateDefinition{name='Path', args={_genkey_0=/api/reservas/**}}], filters=[], uri=lb://RESERVAS-MS, order=0, metadata={}}, RouteDefinition{id='Notificaciones-ms', predicates=[PredicateDefinition{name='Path', args={_genkey_0=/api/notificaciones/**}}], filters=[], uri=lb://NOTIFICACIONES-MS, order=0, metadata={}}, RouteDefinition{id='Usuarios-ms', predicates=[PredicateDefinition{name='Path', args={_genkey_0=/api/usuarios/**}}], filters=[], uri=lb://USUARIOS-MS, order=0, metadata={}}, RouteDefinition{id='GestHoteles-ms', predicates=[PredicateDefinition{name='Path', args={_genkey_0=/api/hoteles/**}}], filters=[], uri=lb://GESTHOTELES-MS, order=0, metadata={}}, RouteDefinition{id='AlquilVehiculos-ms', predicates=[PredicateDefinition{name='Path', args={_genkey_0=/api/alquiler/**}}], filters=[], uri=lb://ALQUILVEHICULOS-MS, order=0, metadata={}}, RouteDefinition{id='usuarios-swagger', predicates=[PredicateDefinition{name='Path', args={_genkey_0=/swagger-ui/**}}, PredicateDefinition{name='Path', args={_genkey_0=/v3/api-docs/**}}], filters=[FilterDefinition{name='StripPrefix', args={_genkey_0=0}}], uri=lb://USUARIOS-MS, order=0, metadata={}}, RouteDefinition{id='reservas-swagger', predicates=[PredicateDefinition{name='Path', args={_genkey_0=/swagger-ui/**}}, PredicateDefinition{name='Path', args={_genkey_0=/v3/api-docs/**}}], filters=[FilterDefinition{name='StripPrefix', args={_genkey_0=0}}], uri=lb://RESERVAS-MS, order=0, metadata={}}, RouteDefinition{id='notificaciones-swagger', predicates=[PredicateDefinition{name='Path', args={_genkey_0=/swagger-ui/**}}, PredicateDefinition{name='Path', args={_genkey_0=/v3/api-docs/**}}], filters=[FilterDefinition{name='StripPrefix', args={_genkey_0=0}}], uri=lb://NOTIFICACIONES-MS, order=0, metadata={}}, RouteDefinition{id='GestHoteles-swagger', predicates=[PredicateDefinition{name='Path', args={_genkey_0=/swagger-ui/**}}, PredicateDefinition{name='Path', args={_genkey_0=/v3/api-docs/**}}], filters=[FilterDefinition{name='StripPrefix', args={_genkey_0=0}}], uri=lb://GESTHOTELES-MS, order=0, metadata={}}, RouteDefinition{id='Login-auth-swagger', predicates=[PredicateDefinition{name='Path', args={_genkey_0=/swagger-ui/**}}, PredicateDefinition{name='Path', args={_genkey_0=/v3/api-docs/**}}], filters=[FilterDefinition{name='StripPrefix', args={_genkey_0=0}}], uri=lb://LOGIN-AUTH-MS, order=0, metadata={}}, RouteDefinition{id='Login-Auth-Auth', predicates=[PredicateDefinition{name='Path', args={_genkey_0=/api/auth/**}}], filters=[], uri=lb://LOGIN-AUTH-MS, order=0, metadata={}}, RouteDefinition{id='Login-Auth-User', predicates=[PredicateDefinition{name='Path', args={_genkey_0=/api/login/**}}], filters=[], uri=lb://LOGIN-AUTH-MS, order=0, metadata={}}]
2025-09-17 12:22:20.625 [main] INFO  o.s.c.g.r.RouteDefinitionRouteLocator – Loaded RoutePredicateFactory [After]
2025-09-17 12:22:20.625 [main] INFO  o.s.c.g.r.RouteDefinitionRouteLocator – Loaded RoutePredicateFactory [Before]
2025-09-17 12:22:20.625 [main] INFO  o.s.c.g.r.RouteDefinitionRouteLocator – Loaded RoutePredicateFactory [Between]
2025-09-17 12:22:20.626 [main] INFO  o.s.c.g.r.RouteDefinitionRouteLocator – Loaded RoutePredicateFactory [Cookie]
2025-09-17 12:22:20.626 [main] INFO  o.s.c.g.r.RouteDefinitionRouteLocator – Loaded RoutePredicateFactory [Header]
2025-09-17 12:22:20.626 [main] INFO  o.s.c.g.r.RouteDefinitionRouteLocator – Loaded RoutePredicateFactory [Host]
2025-09-17 12:22:20.626 [main] INFO  o.s.c.g.r.RouteDefinitionRouteLocator – Loaded RoutePredicateFactory [Method]
2025-09-17 12:22:20.627 [main] INFO  o.s.c.g.r.RouteDefinitionRouteLocator – Loaded RoutePredicateFactory [Path]
2025-09-17 12:22:20.627 [main] INFO  o.s.c.g.r.RouteDefinitionRouteLocator – Loaded RoutePredicateFactory [Query]
2025-09-17 12:22:20.627 [main] INFO  o.s.c.g.r.RouteDefinitionRouteLocator – Loaded RoutePredicateFactory [ReadBody]
2025-09-17 12:22:20.627 [main] INFO  o.s.c.g.r.RouteDefinitionRouteLocator – Loaded RoutePredicateFactory [RemoteAddr]
2025-09-17 12:22:20.627 [main] INFO  o.s.c.g.r.RouteDefinitionRouteLocator – Loaded RoutePredicateFactory [XForwardedRemoteAddr]
2025-09-17 12:22:20.628 [main] INFO  o.s.c.g.r.RouteDefinitionRouteLocator – Loaded RoutePredicateFactory [Weight]
2025-09-17 12:22:20.628 [main] INFO  o.s.c.g.r.RouteDefinitionRouteLocator – Loaded RoutePredicateFactory [CloudFoundryRouteService]
2025-09-17 12:22:21.499 [main] INFO  o.s.c.n.e.c.DiscoveryClientOptionalArgsConfiguration – Eureka HTTP Client uses RestTemplate.
2025-09-17 12:22:21.584 [main] WARN  o.s.c.l.c.LoadBalancerCacheAutoConfiguration$LoadBalancerCaffeineWarnLogger – Spring Cloud LoadBalancer is currently working with the default cache. While this cache implementation is useful for development and tests, it's recommended to use Caffeine cache in production.You can switch to using Caffeine cache, by adding it and org.springframework.cache.caffeine.CaffeineCacheManager to the classpath.
2025-09-17 12:22:21.680 [main] INFO  o.s.c.n.eureka.InstanceInfoFactory – Setting initial instance status as: STARTING
2025-09-17 12:22:21.756 [main] INFO  c.netflix.discovery.DiscoveryClient – Initializing Eureka in region us-east-1
2025-09-17 12:22:21.776 [main] INFO  c.n.d.s.r.aws.ConfigClusterResolver – Resolving eureka endpoints via configuration
2025-09-17 12:22:21.813 [main] INFO  c.netflix.discovery.DiscoveryClient – Disable delta property : false
2025-09-17 12:22:21.814 [main] INFO  c.netflix.discovery.DiscoveryClient – Single vip registry refresh property : null
2025-09-17 12:22:21.814 [main] INFO  c.netflix.discovery.DiscoveryClient – Force full registry fetch : false
2025-09-17 12:22:21.815 [main] INFO  c.netflix.discovery.DiscoveryClient – Application is null : false
2025-09-17 12:22:21.815 [main] INFO  c.netflix.discovery.DiscoveryClient – Registered Applications size is zero : true
2025-09-17 12:22:21.815 [main] INFO  c.netflix.discovery.DiscoveryClient – Application version is -1: true
2025-09-17 12:22:21.815 [main] INFO  c.netflix.discovery.DiscoveryClient – Getting all instance registry info from the eureka server
2025-09-17 12:22:22.799 [main] INFO  c.netflix.discovery.DiscoveryClient – The response status is 200
2025-09-17 12:22:22.802 [main] INFO  c.netflix.discovery.DiscoveryClient – Starting heartbeat executor: renew interval is: 30
2025-09-17 12:22:22.811 [main] INFO  c.n.discovery.InstanceInfoReplicator – InstanceInfoReplicator onDemand update allowed rate per min is 4
2025-09-17 12:22:22.816 [main] INFO  c.netflix.discovery.DiscoveryClient – Discovery Client initialized at timestamp 1758104542815 with initial instances count: 14
2025-09-17 12:22:22.825 [main] INFO  o.s.c.n.e.s.EurekaServiceRegistry – Registering application API-GATEWAY with eureka with status UP
2025-09-17 12:22:22.827 [main] INFO  c.netflix.discovery.DiscoveryClient – Saw local status change event StatusChangeEvent [timestamp=1758104542827, current=UP, previous=STARTING]
2025-09-17 12:22:22.834 [DiscoveryClient-InstanceInfoReplicator-%d] INFO  c.netflix.discovery.DiscoveryClient – DiscoveryClient_API-GATEWAY/Api-gateway:25559637-a956-4090-87b0-4d3c11831ee9: registering service...
2025-09-17 12:22:22.946 [DiscoveryClient-InstanceInfoReplicator-%d] INFO  c.netflix.discovery.DiscoveryClient – DiscoveryClient_API-GATEWAY/Api-gateway:25559637-a956-4090-87b0-4d3c11831ee9 - registration status: 204
2025-09-17 12:22:22.990 [main] DEBUG o.s.c.g.r.RouteDefinitionRouteLocator – RouteDefinition GestVuelos-ms applying {_genkey_0=/api/categories/**, _genkey_1=/api/vuelos/**} to Path
2025-09-17 12:22:23.058 [main] DEBUG o.s.c.g.r.RouteDefinitionRouteLocator – RouteDefinition GestVuelos-ms applying filter {} to TokenRelay
2025-09-17 12:22:23.072 [main] DEBUG o.s.c.g.r.RouteDefinitionRouteLocator – RouteDefinition matched: GestVuelos-ms
2025-09-17 12:22:23.074 [main] DEBUG o.s.c.g.r.RouteDefinitionRouteLocator – RouteDefinition Reservas-ms applying {_genkey_0=/api/reservas/**} to Path
2025-09-17 12:22:23.079 [main] DEBUG o.s.c.g.r.RouteDefinitionRouteLocator – RouteDefinition Reservas-ms applying filter {} to TokenRelay
2025-09-17 12:22:23.083 [main] DEBUG o.s.c.g.r.RouteDefinitionRouteLocator – RouteDefinition matched: Reservas-ms
2025-09-17 12:22:23.084 [main] DEBUG o.s.c.g.r.RouteDefinitionRouteLocator – RouteDefinition Notificaciones-ms applying {_genkey_0=/api/notificaciones/**} to Path
2025-09-17 12:22:23.088 [main] DEBUG o.s.c.g.r.RouteDefinitionRouteLocator – RouteDefinition Notificaciones-ms applying filter {} to TokenRelay
2025-09-17 12:22:23.090 [main] DEBUG o.s.c.g.r.RouteDefinitionRouteLocator – RouteDefinition matched: Notificaciones-ms
2025-09-17 12:22:23.091 [main] DEBUG o.s.c.g.r.RouteDefinitionRouteLocator – RouteDefinition Usuarios-ms applying {_genkey_0=/api/usuarios/**} to Path
2025-09-17 12:22:23.094 [main] DEBUG o.s.c.g.r.RouteDefinitionRouteLocator – RouteDefinition Usuarios-ms applying filter {} to TokenRelay
2025-09-17 12:22:23.097 [main] DEBUG o.s.c.g.r.RouteDefinitionRouteLocator – RouteDefinition matched: Usuarios-ms
2025-09-17 12:22:23.097 [main] DEBUG o.s.c.g.r.RouteDefinitionRouteLocator – RouteDefinition GestHoteles-ms applying {_genkey_0=/api/hoteles/**} to Path
2025-09-17 12:22:23.103 [main] DEBUG o.s.c.g.r.RouteDefinitionRouteLocator – RouteDefinition GestHoteles-ms applying filter {} to TokenRelay
2025-09-17 12:22:23.106 [main] DEBUG o.s.c.g.r.RouteDefinitionRouteLocator – RouteDefinition matched: GestHoteles-ms
2025-09-17 12:22:23.107 [main] DEBUG o.s.c.g.r.RouteDefinitionRouteLocator – RouteDefinition AlquilVehiculos-ms applying {_genkey_0=/api/alquiler/**} to Path
2025-09-17 12:22:23.111 [main] DEBUG o.s.c.g.r.RouteDefinitionRouteLocator – RouteDefinition AlquilVehiculos-ms applying filter {} to TokenRelay
2025-09-17 12:22:23.114 [main] DEBUG o.s.c.g.r.RouteDefinitionRouteLocator – RouteDefinition matched: AlquilVehiculos-ms
2025-09-17 12:22:23.115 [main] DEBUG o.s.c.g.r.RouteDefinitionRouteLocator – RouteDefinition usuarios-swagger applying {_genkey_0=/swagger-ui/**} to Path
2025-09-17 12:22:23.118 [main] DEBUG o.s.c.g.r.RouteDefinitionRouteLocator – RouteDefinition usuarios-swagger applying {_genkey_0=/v3/api-docs/**} to Path
2025-09-17 12:22:23.124 [main] DEBUG o.s.c.g.r.RouteDefinitionRouteLocator – RouteDefinition usuarios-swagger applying filter {} to TokenRelay
2025-09-17 12:22:23.126 [main] DEBUG o.s.c.g.r.RouteDefinitionRouteLocator – RouteDefinition usuarios-swagger applying filter {_genkey_0=0} to StripPrefix
2025-09-17 12:22:23.138 [main] DEBUG o.s.c.g.r.RouteDefinitionRouteLocator – RouteDefinition matched: usuarios-swagger
2025-09-17 12:22:23.139 [main] DEBUG o.s.c.g.r.RouteDefinitionRouteLocator – RouteDefinition reservas-swagger applying {_genkey_0=/swagger-ui/**} to Path
2025-09-17 12:22:23.141 [main] DEBUG o.s.c.g.r.RouteDefinitionRouteLocator – RouteDefinition reservas-swagger applying {_genkey_0=/v3/api-docs/**} to Path
2025-09-17 12:22:23.143 [main] DEBUG o.s.c.g.r.RouteDefinitionRouteLocator – RouteDefinition reservas-swagger applying filter {} to TokenRelay
2025-09-17 12:22:23.146 [main] DEBUG o.s.c.g.r.RouteDefinitionRouteLocator – RouteDefinition reservas-swagger applying filter {_genkey_0=0} to StripPrefix
2025-09-17 12:22:23.149 [main] DEBUG o.s.c.g.r.RouteDefinitionRouteLocator – RouteDefinition matched: reservas-swagger
2025-09-17 12:22:23.150 [main] DEBUG o.s.c.g.r.RouteDefinitionRouteLocator – RouteDefinition notificaciones-swagger applying {_genkey_0=/swagger-ui/**} to Path
2025-09-17 12:22:23.153 [main] DEBUG o.s.c.g.r.RouteDefinitionRouteLocator – RouteDefinition notificaciones-swagger applying {_genkey_0=/v3/api-docs/**} to Path
2025-09-17 12:22:23.155 [main] DEBUG o.s.c.g.r.RouteDefinitionRouteLocator – RouteDefinition notificaciones-swagger applying filter {} to TokenRelay
2025-09-17 12:22:23.158 [main] DEBUG o.s.c.g.r.RouteDefinitionRouteLocator – RouteDefinition notificaciones-swagger applying filter {_genkey_0=0} to StripPrefix
2025-09-17 12:22:23.160 [main] DEBUG o.s.c.g.r.RouteDefinitionRouteLocator – RouteDefinition matched: notificaciones-swagger
2025-09-17 12:22:23.160 [main] DEBUG o.s.c.g.r.RouteDefinitionRouteLocator – RouteDefinition GestHoteles-swagger applying {_genkey_0=/swagger-ui/**} to Path
2025-09-17 12:22:23.163 [main] DEBUG o.s.c.g.r.RouteDefinitionRouteLocator – RouteDefinition GestHoteles-swagger applying {_genkey_0=/v3/api-docs/**} to Path
2025-09-17 12:22:23.167 [main] DEBUG o.s.c.g.r.RouteDefinitionRouteLocator – RouteDefinition GestHoteles-swagger applying filter {} to TokenRelay
2025-09-17 12:22:23.169 [main] DEBUG o.s.c.g.r.RouteDefinitionRouteLocator – RouteDefinition GestHoteles-swagger applying filter {_genkey_0=0} to StripPrefix
2025-09-17 12:22:23.173 [main] DEBUG o.s.c.g.r.RouteDefinitionRouteLocator – RouteDefinition matched: GestHoteles-swagger
2025-09-17 12:22:23.175 [main] DEBUG o.s.c.g.r.RouteDefinitionRouteLocator – RouteDefinition Login-auth-swagger applying {_genkey_0=/swagger-ui/**} to Path
2025-09-17 12:22:23.178 [main] DEBUG o.s.c.g.r.RouteDefinitionRouteLocator – RouteDefinition Login-auth-swagger applying {_genkey_0=/v3/api-docs/**} to Path
2025-09-17 12:22:23.186 [main] DEBUG o.s.c.g.r.RouteDefinitionRouteLocator – RouteDefinition Login-auth-swagger applying filter {} to TokenRelay
2025-09-17 12:22:23.189 [main] DEBUG o.s.c.g.r.RouteDefinitionRouteLocator – RouteDefinition Login-auth-swagger applying filter {_genkey_0=0} to StripPrefix
2025-09-17 12:22:23.191 [main] DEBUG o.s.c.g.r.RouteDefinitionRouteLocator – RouteDefinition matched: Login-auth-swagger
2025-09-17 12:22:23.192 [main] DEBUG o.s.c.g.r.RouteDefinitionRouteLocator – RouteDefinition Login-Auth-Auth applying {_genkey_0=/api/auth/**} to Path
2025-09-17 12:22:23.195 [main] DEBUG o.s.c.g.r.RouteDefinitionRouteLocator – RouteDefinition Login-Auth-Auth applying filter {} to TokenRelay
2025-09-17 12:22:23.199 [main] DEBUG o.s.c.g.r.RouteDefinitionRouteLocator – RouteDefinition matched: Login-Auth-Auth
2025-09-17 12:22:23.199 [main] DEBUG o.s.c.g.r.RouteDefinitionRouteLocator – RouteDefinition Login-Auth-User applying {_genkey_0=/api/login/**} to Path
2025-09-17 12:22:23.203 [main] DEBUG o.s.c.g.r.RouteDefinitionRouteLocator – RouteDefinition Login-Auth-User applying filter {} to TokenRelay
2025-09-17 12:22:23.205 [main] DEBUG o.s.c.g.r.RouteDefinitionRouteLocator – RouteDefinition matched: Login-Auth-User
2025-09-17 12:22:23.247 [main] DEBUG o.s.c.g.r.RouteDefinitionRouteLocator – RouteDefinition GestVuelos-ms applying {_genkey_0=/api/categories/**, _genkey_1=/api/vuelos/**} to Path
2025-09-17 12:22:23.250 [main] DEBUG o.s.c.g.r.RouteDefinitionRouteLocator – RouteDefinition GestVuelos-ms applying filter {} to TokenRelay
2025-09-17 12:22:23.252 [main] DEBUG o.s.c.g.r.RouteDefinitionRouteLocator – RouteDefinition matched: GestVuelos-ms
2025-09-17 12:22:23.252 [main] DEBUG o.s.c.g.r.RouteDefinitionRouteLocator – RouteDefinition Reservas-ms applying {_genkey_0=/api/reservas/**} to Path
2025-09-17 12:22:23.255 [main] DEBUG o.s.c.g.r.RouteDefinitionRouteLocator – RouteDefinition Reservas-ms applying filter {} to TokenRelay
2025-09-17 12:22:23.256 [main] DEBUG o.s.c.g.r.RouteDefinitionRouteLocator – RouteDefinition matched: Reservas-ms
2025-09-17 12:22:23.257 [main] DEBUG o.s.c.g.r.RouteDefinitionRouteLocator – RouteDefinition Notificaciones-ms applying {_genkey_0=/api/notificaciones/**} to Path
2025-09-17 12:22:23.259 [main] DEBUG o.s.c.g.r.RouteDefinitionRouteLocator – RouteDefinition Notificaciones-ms applying filter {} to TokenRelay
2025-09-17 12:22:23.262 [main] DEBUG o.s.c.g.r.RouteDefinitionRouteLocator – RouteDefinition matched: Notificaciones-ms
2025-09-17 12:22:23.263 [main] DEBUG o.s.c.g.r.RouteDefinitionRouteLocator – RouteDefinition Usuarios-ms applying {_genkey_0=/api/usuarios/**} to Path
2025-09-17 12:22:23.266 [main] DEBUG o.s.c.g.r.RouteDefinitionRouteLocator – RouteDefinition Usuarios-ms applying filter {} to TokenRelay
2025-09-17 12:22:23.268 [main] DEBUG o.s.c.g.r.RouteDefinitionRouteLocator – RouteDefinition matched: Usuarios-ms
2025-09-17 12:22:23.269 [main] DEBUG o.s.c.g.r.RouteDefinitionRouteLocator – RouteDefinition GestHoteles-ms applying {_genkey_0=/api/hoteles/**} to Path
2025-09-17 12:22:23.271 [main] DEBUG o.s.c.g.r.RouteDefinitionRouteLocator – RouteDefinition GestHoteles-ms applying filter {} to TokenRelay
2025-09-17 12:22:23.273 [main] DEBUG o.s.c.g.r.RouteDefinitionRouteLocator – RouteDefinition matched: GestHoteles-ms
2025-09-17 12:22:23.274 [main] DEBUG o.s.c.g.r.RouteDefinitionRouteLocator – RouteDefinition AlquilVehiculos-ms applying {_genkey_0=/api/alquiler/**} to Path
2025-09-17 12:22:23.277 [main] DEBUG o.s.c.g.r.RouteDefinitionRouteLocator – RouteDefinition AlquilVehiculos-ms applying filter {} to TokenRelay
2025-09-17 12:22:23.279 [main] DEBUG o.s.c.g.r.RouteDefinitionRouteLocator – RouteDefinition matched: AlquilVehiculos-ms
2025-09-17 12:22:23.283 [main] DEBUG o.s.c.g.r.RouteDefinitionRouteLocator – RouteDefinition usuarios-swagger applying {_genkey_0=/swagger-ui/**} to Path
2025-09-17 12:22:23.286 [main] DEBUG o.s.c.g.r.RouteDefinitionRouteLocator – RouteDefinition usuarios-swagger applying {_genkey_0=/v3/api-docs/**} to Path
2025-09-17 12:22:23.290 [main] DEBUG o.s.c.g.r.RouteDefinitionRouteLocator – RouteDefinition usuarios-swagger applying filter {} to TokenRelay
2025-09-17 12:22:23.292 [main] DEBUG o.s.c.g.r.RouteDefinitionRouteLocator – RouteDefinition usuarios-swagger applying filter {_genkey_0=0} to StripPrefix
2025-09-17 12:22:23.294 [main] DEBUG o.s.c.g.r.RouteDefinitionRouteLocator – RouteDefinition matched: usuarios-swagger
2025-09-17 12:22:23.295 [main] DEBUG o.s.c.g.r.RouteDefinitionRouteLocator – RouteDefinition reservas-swagger applying {_genkey_0=/swagger-ui/**} to Path
2025-09-17 12:22:23.299 [main] DEBUG o.s.c.g.r.RouteDefinitionRouteLocator – RouteDefinition reservas-swagger applying {_genkey_0=/v3/api-docs/**} to Path
2025-09-17 12:22:23.301 [main] DEBUG o.s.c.g.r.RouteDefinitionRouteLocator – RouteDefinition reservas-swagger applying filter {} to TokenRelay
2025-09-17 12:22:23.303 [main] DEBUG o.s.c.g.r.RouteDefinitionRouteLocator – RouteDefinition reservas-swagger applying filter {_genkey_0=0} to StripPrefix
2025-09-17 12:22:23.305 [main] DEBUG o.s.c.g.r.RouteDefinitionRouteLocator – RouteDefinition matched: reservas-swagger
2025-09-17 12:22:23.305 [main] DEBUG o.s.c.g.r.RouteDefinitionRouteLocator – RouteDefinition notificaciones-swagger applying {_genkey_0=/swagger-ui/**} to Path
2025-09-17 12:22:23.308 [main] DEBUG o.s.c.g.r.RouteDefinitionRouteLocator – RouteDefinition notificaciones-swagger applying {_genkey_0=/v3/api-docs/**} to Path
2025-09-17 12:22:23.311 [main] DEBUG o.s.c.g.r.RouteDefinitionRouteLocator – RouteDefinition notificaciones-swagger applying filter {} to TokenRelay
2025-09-17 12:22:23.313 [main] DEBUG o.s.c.g.r.RouteDefinitionRouteLocator – RouteDefinition notificaciones-swagger applying filter {_genkey_0=0} to StripPrefix
2025-09-17 12:22:23.316 [main] DEBUG o.s.c.g.r.RouteDefinitionRouteLocator – RouteDefinition matched: notificaciones-swagger
2025-09-17 12:22:23.317 [main] DEBUG o.s.c.g.r.RouteDefinitionRouteLocator – RouteDefinition GestHoteles-swagger applying {_genkey_0=/swagger-ui/**} to Path
2025-09-17 12:22:23.319 [main] DEBUG o.s.c.g.r.RouteDefinitionRouteLocator – RouteDefinition GestHoteles-swagger applying {_genkey_0=/v3/api-docs/**} to Path
2025-09-17 12:22:23.321 [main] DEBUG o.s.c.g.r.RouteDefinitionRouteLocator – RouteDefinition GestHoteles-swagger applying filter {} to TokenRelay
2025-09-17 12:22:23.324 [main] DEBUG o.s.c.g.r.RouteDefinitionRouteLocator – RouteDefinition GestHoteles-swagger applying filter {_genkey_0=0} to StripPrefix
2025-09-17 12:22:23.325 [main] DEBUG o.s.c.g.r.RouteDefinitionRouteLocator – RouteDefinition matched: GestHoteles-swagger
2025-09-17 12:22:23.326 [main] DEBUG o.s.c.g.r.RouteDefinitionRouteLocator – RouteDefinition Login-auth-swagger applying {_genkey_0=/swagger-ui/**} to Path
2025-09-17 12:22:23.329 [main] DEBUG o.s.c.g.r.RouteDefinitionRouteLocator – RouteDefinition Login-auth-swagger applying {_genkey_0=/v3/api-docs/**} to Path
2025-09-17 12:22:23.331 [main] DEBUG o.s.c.g.r.RouteDefinitionRouteLocator – RouteDefinition Login-auth-swagger applying filter {} to TokenRelay
2025-09-17 12:22:23.333 [main] DEBUG o.s.c.g.r.RouteDefinitionRouteLocator – RouteDefinition Login-auth-swagger applying filter {_genkey_0=0} to StripPrefix
2025-09-17 12:22:23.335 [main] DEBUG o.s.c.g.r.RouteDefinitionRouteLocator – RouteDefinition matched: Login-auth-swagger
2025-09-17 12:22:23.335 [main] DEBUG o.s.c.g.r.RouteDefinitionRouteLocator – RouteDefinition Login-Auth-Auth applying {_genkey_0=/api/auth/**} to Path
2025-09-17 12:22:23.337 [main] DEBUG o.s.c.g.r.RouteDefinitionRouteLocator – RouteDefinition Login-Auth-Auth applying filter {} to TokenRelay
2025-09-17 12:22:23.339 [main] DEBUG o.s.c.g.r.RouteDefinitionRouteLocator – RouteDefinition matched: Login-Auth-Auth
2025-09-17 12:22:23.340 [main] DEBUG o.s.c.g.r.RouteDefinitionRouteLocator – RouteDefinition Login-Auth-User applying {_genkey_0=/api/login/**} to Path
2025-09-17 12:22:23.343 [main] DEBUG o.s.c.g.r.RouteDefinitionRouteLocator – RouteDefinition Login-Auth-User applying filter {} to TokenRelay
2025-09-17 12:22:23.345 [main] DEBUG o.s.c.g.r.RouteDefinitionRouteLocator – RouteDefinition matched: Login-Auth-User
2025-09-17 12:22:23.353 [main] INFO  c.j.A.ApiGatewayApplicationTests – Started ApiGatewayApplicationTests in 10.21 seconds (process running for 13.207)
]]></system-out>
  </testcase>
</testsuite>